<?xml version="1.0" encoding="UTF-8"?>
<!-- Generated by org.testng.reporters.JUnitReportReporter -->
<testsuite hostname="LAPTOP-R5EO1CM4" failures="0" tests="1" name="tests.TC06_InternshipOK" time="13.610" errors="0" timestamp="2023-09-03T01:30:02 EEST" skipped="0">
  <testcase classname="tests.TC06_InternshipOK" name="tC06_InternshipOK" time="13.610"/>
  <system-out/>
</testsuite> <!-- tests.TC06_InternshipOK -->
