<?xml version="1.0" encoding="UTF-8"?>
<!-- Generated by org.testng.reporters.JUnitReportReporter -->
<testsuite hostname="LAPTOP-R5EO1CM4" failures="0" tests="1" name="tests.TC05_PersonalDataOK" time="17.033" errors="0" timestamp="2023-09-03T01:30:02 EEST" skipped="0">
  <testcase classname="tests.TC05_PersonalDataOK" name="tC05_PersonalDataOK" time="17.033"/>
  <system-out/>
</testsuite> <!-- tests.TC05_PersonalDataOK -->
