<?xml version="1.0" encoding="UTF-8"?>
<!-- Generated by org.testng.reporters.JUnitReportReporter -->
<testsuite hostname="LAPTOP-R5EO1CM4" failures="0" tests="1" name="tests.TC01_LogInCorrectUsernameCorrectPasswordOK" time="23.151" errors="0" timestamp="2023-09-03T01:30:02 EEST" skipped="0">
  <testcase classname="tests.TC01_LogInCorrectUsernameCorrectPasswordOK" name="tC01LogInCorrectUsernameCorrectPasswordOK" time="23.151"/>
  <system-out/>
</testsuite> <!-- tests.TC01_LogInCorrectUsernameCorrectPasswordOK -->
