<?xml version="1.0" encoding="UTF-8"?>
<!-- Generated by org.testng.reporters.JUnitReportReporter -->
<testsuite hostname="LAPTOP-R5EO1CM4" failures="0" tests="1" name="tests.TC12_LogInWithWrongUsernameCorrectPasswordKO" time="7.386" errors="0" timestamp="2023-09-05T12:29:10 EEST" skipped="0">
  <testcase classname="tests.TC12_LogInWithWrongUsernameCorrectPasswordKO" name="tC12_LogInWithWrongUsernameCorrectPasswordKO" time="7.386"/>
  <system-out/>
</testsuite> <!-- tests.TC12_LogInWithWrongUsernameCorrectPasswordKO -->
