<?xml version="1.0" encoding="UTF-8"?>
<!-- Generated by org.testng.reporters.JUnitReportReporter -->
<testsuite hostname="LAPTOP-R5EO1CM4" failures="0" tests="1" name="tests.TC13_LogInWithCorrectUsernameWrongPasswordKO" time="13.603" errors="0" timestamp="2023-09-05T12:29:11 EEST" skipped="0">
  <testcase classname="tests.TC13_LogInWithCorrectUsernameWrongPasswordKO" name="tC13_LogInWithCorrectUsernameWrongPasswordKO" time="13.603"/>
  <system-out/>
</testsuite> <!-- tests.TC13_LogInWithCorrectUsernameWrongPasswordKO -->
