<?xml version="1.0" encoding="UTF-8"?>
<!-- Generated by org.testng.reporters.JUnitReportReporter -->
<testsuite hostname="LAPTOP-R5EO1CM4" failures="0" tests="1" name="tests.TC02_LogOutOK" time="74.250" errors="0" timestamp="2023-09-03T01:30:02 EEST" skipped="0">
  <testcase classname="tests.TC02_LogOutOK" name="tC02_LogOutOK" time="74.250"/>
  <system-out/>
</testsuite> <!-- tests.TC02_LogOutOK -->
